1714500281.497829 client started (49626): version 3.4, socket /tmp/tmux-1000/default, protocol 8
1714500281.497853 on Linux 6.8.7-arch1-2 #1 SMP PREEMPT_DYNAMIC Fri, 19 Apr 2024 09:51:31 +0000
1714500281.497857 using libevent 2.1.12-stable poll
1714500281.497859 using ncurses 6.4 20230520
1714500281.497880 flags are 0x10010000
1714500281.497891 socket is /tmp/tmux-1000/default
1714500281.497901 trying connect
1714500281.497955 add peer 0x637e2b676e60: 6 ((nil))
1714500281.498217 sending message 100 to peer 0x637e2b676e60 (4 bytes)
1714500281.498225 sending message 111 to peer 0x637e2b676e60 (8 bytes)
1714500281.498228 sending message 101 to peer 0x637e2b676e60 (15 bytes)
1714500281.498230 sending message 109 to peer 0x637e2b676e60 (4 bytes)
1714500281.498232 sending message 102 to peer 0x637e2b676e60 (11 bytes)
1714500281.498235 sending message 108 to peer 0x637e2b676e60 (32 bytes)
1714500281.498237 sending message 112 to peer 0x637e2b676e60 (58 bytes)
1714500281.498240 sending message 112 to peer 0x637e2b676e60 (5 bytes)
1714500281.498242 sending message 112 to peer 0x637e2b676e60 (5 bytes)
1714500281.498245 sending message 112 to peer 0x637e2b676e60 (6 bytes)
1714500281.498247 sending message 112 to peer 0x637e2b676e60 (6 bytes)
1714500281.498249 sending message 112 to peer 0x637e2b676e60 (11 bytes)
1714500281.498251 sending message 112 to peer 0x637e2b676e60 (10 bytes)
1714500281.498254 sending message 112 to peer 0x637e2b676e60 (13 bytes)
1714500281.498256 sending message 112 to peer 0x637e2b676e60 (14 bytes)
1714500281.498258 sending message 112 to peer 0x637e2b676e60 (19 bytes)
1714500281.498261 sending message 112 to peer 0x637e2b676e60 (11 bytes)
1714500281.498263 sending message 112 to peer 0x637e2b676e60 (10 bytes)
1714500281.498266 sending message 112 to peer 0x637e2b676e60 (15 bytes)
1714500281.498272 sending message 112 to peer 0x637e2b676e60 (21 bytes)
1714500281.498275 sending message 112 to peer 0x637e2b676e60 (13 bytes)
1714500281.498279 sending message 112 to peer 0x637e2b676e60 (7 bytes)
1714500281.498281 sending message 112 to peer 0x637e2b676e60 (13 bytes)
1714500281.498285 sending message 112 to peer 0x637e2b676e60 (7 bytes)
1714500281.498288 sending message 112 to peer 0x637e2b676e60 (13 bytes)
1714500281.498291 sending message 112 to peer 0x637e2b676e60 (9 bytes)
1714500281.498293 sending message 112 to peer 0x637e2b676e60 (21 bytes)
1714500281.498296 sending message 112 to peer 0x637e2b676e60 (13 bytes)
1714500281.498298 sending message 112 to peer 0x637e2b676e60 (9 bytes)
1714500281.498300 sending message 112 to peer 0x637e2b676e60 (16 bytes)
1714500281.498304 sending message 112 to peer 0x637e2b676e60 (13 bytes)
1714500281.498306 sending message 112 to peer 0x637e2b676e60 (9 bytes)
1714500281.498310 sending message 112 to peer 0x637e2b676e60 (9 bytes)
1714500281.498312 sending message 112 to peer 0x637e2b676e60 (12 bytes)
1714500281.498315 sending message 112 to peer 0x637e2b676e60 (8 bytes)
1714500281.498318 sending message 112 to peer 0x637e2b676e60 (8 bytes)
1714500281.498320 sending message 112 to peer 0x637e2b676e60 (13 bytes)
1714500281.498322 sending message 112 to peer 0x637e2b676e60 (7 bytes)
1714500281.498325 sending message 112 to peer 0x637e2b676e60 (7 bytes)
1714500281.498328 sending message 112 to peer 0x637e2b676e60 (9 bytes)
1714500281.498331 sending message 112 to peer 0x637e2b676e60 (9 bytes)
1714500281.498333 sending message 112 to peer 0x637e2b676e60 (15 bytes)
1714500281.498336 sending message 112 to peer 0x637e2b676e60 (13 bytes)
1714500281.498338 sending message 112 to peer 0x637e2b676e60 (12 bytes)
1714500281.498341 sending message 112 to peer 0x637e2b676e60 (8 bytes)
1714500281.498343 sending message 112 to peer 0x637e2b676e60 (14 bytes)
1714500281.498347 sending message 112 to peer 0x637e2b676e60 (11 bytes)
1714500281.498349 sending message 112 to peer 0x637e2b676e60 (9 bytes)
1714500281.498352 sending message 112 to peer 0x637e2b676e60 (10 bytes)
1714500281.498355 sending message 112 to peer 0x637e2b676e60 (10 bytes)
1714500281.498358 sending message 112 to peer 0x637e2b676e60 (10 bytes)
1714500281.498368 sending message 112 to peer 0x637e2b676e60 (10 bytes)
1714500281.498371 sending message 112 to peer 0x637e2b676e60 (11 bytes)
1714500281.498373 sending message 112 to peer 0x637e2b676e60 (12 bytes)
1714500281.498376 sending message 112 to peer 0x637e2b676e60 (12 bytes)
1714500281.498379 sending message 112 to peer 0x637e2b676e60 (12 bytes)
1714500281.498382 sending message 112 to peer 0x637e2b676e60 (12 bytes)
1714500281.498384 sending message 112 to peer 0x637e2b676e60 (12 bytes)
1714500281.498387 sending message 112 to peer 0x637e2b676e60 (11 bytes)
1714500281.498390 sending message 112 to peer 0x637e2b676e60 (11 bytes)
1714500281.498393 sending message 112 to peer 0x637e2b676e60 (12 bytes)
1714500281.498395 sending message 112 to peer 0x637e2b676e60 (12 bytes)
1714500281.498399 sending message 112 to peer 0x637e2b676e60 (12 bytes)
1714500281.498401 sending message 112 to peer 0x637e2b676e60 (12 bytes)
1714500281.498404 sending message 112 to peer 0x637e2b676e60 (12 bytes)
1714500281.498407 sending message 112 to peer 0x637e2b676e60 (9 bytes)
1714500281.498409 sending message 112 to peer 0x637e2b676e60 (12 bytes)
1714500281.498413 sending message 112 to peer 0x637e2b676e60 (13 bytes)
1714500281.498415 sending message 112 to peer 0x637e2b676e60 (13 bytes)
1714500281.498418 sending message 112 to peer 0x637e2b676e60 (13 bytes)
1714500281.498421 sending message 112 to peer 0x637e2b676e60 (13 bytes)
1714500281.498424 sending message 112 to peer 0x637e2b676e60 (13 bytes)
1714500281.498426 sending message 112 to peer 0x637e2b676e60 (8 bytes)
1714500281.498429 sending message 112 to peer 0x637e2b676e60 (11 bytes)
1714500281.498432 sending message 112 to peer 0x637e2b676e60 (11 bytes)
1714500281.498435 sending message 112 to peer 0x637e2b676e60 (11 bytes)
1714500281.498437 sending message 112 to peer 0x637e2b676e60 (12 bytes)
1714500281.498440 sending message 112 to peer 0x637e2b676e60 (12 bytes)
1714500281.498444 sending message 112 to peer 0x637e2b676e60 (12 bytes)
1714500281.498446 sending message 112 to peer 0x637e2b676e60 (12 bytes)
1714500281.498449 sending message 112 to peer 0x637e2b676e60 (13 bytes)
1714500281.498452 sending message 112 to peer 0x637e2b676e60 (13 bytes)
1714500281.498454 sending message 112 to peer 0x637e2b676e60 (13 bytes)
1714500281.498457 sending message 112 to peer 0x637e2b676e60 (8 bytes)
1714500281.498460 sending message 112 to peer 0x637e2b676e60 (13 bytes)
1714500281.498463 sending message 112 to peer 0x637e2b676e60 (13 bytes)
1714500281.498465 sending message 112 to peer 0x637e2b676e60 (13 bytes)
1714500281.498469 sending message 112 to peer 0x637e2b676e60 (13 bytes)
1714500281.498471 sending message 112 to peer 0x637e2b676e60 (13 bytes)
1714500281.498475 sending message 112 to peer 0x637e2b676e60 (12 bytes)
1714500281.498477 sending message 112 to peer 0x637e2b676e60 (12 bytes)
1714500281.498481 sending message 112 to peer 0x637e2b676e60 (12 bytes)
1714500281.498483 sending message 112 to peer 0x637e2b676e60 (12 bytes)
1714500281.498486 sending message 112 to peer 0x637e2b676e60 (13 bytes)
1714500281.498489 sending message 112 to peer 0x637e2b676e60 (8 bytes)
1714500281.498492 sending message 112 to peer 0x637e2b676e60 (13 bytes)
1714500281.498494 sending message 112 to peer 0x637e2b676e60 (13 bytes)
1714500281.498498 sending message 112 to peer 0x637e2b676e60 (13 bytes)
1714500281.498500 sending message 112 to peer 0x637e2b676e60 (13 bytes)
1714500281.498503 sending message 112 to peer 0x637e2b676e60 (13 bytes)
1714500281.498506 sending message 112 to peer 0x637e2b676e60 (13 bytes)
1714500281.498509 sending message 112 to peer 0x637e2b676e60 (13 bytes)
1714500281.498511 sending message 112 to peer 0x637e2b676e60 (12 bytes)
1714500281.498514 sending message 112 to peer 0x637e2b676e60 (12 bytes)
1714500281.498517 sending message 112 to peer 0x637e2b676e60 (12 bytes)
1714500281.498520 sending message 112 to peer 0x637e2b676e60 (8 bytes)
1714500281.498522 sending message 112 to peer 0x637e2b676e60 (12 bytes)
1714500281.498526 sending message 112 to peer 0x637e2b676e60 (13 bytes)
1714500281.498533 sending message 112 to peer 0x637e2b676e60 (13 bytes)
1714500281.498536 sending message 112 to peer 0x637e2b676e60 (13 bytes)
1714500281.498539 sending message 112 to peer 0x637e2b676e60 (13 bytes)
1714500281.498542 sending message 112 to peer 0x637e2b676e60 (13 bytes)
1714500281.498545 sending message 112 to peer 0x637e2b676e60 (13 bytes)
1714500281.498547 sending message 112 to peer 0x637e2b676e60 (13 bytes)
1714500281.498550 sending message 112 to peer 0x637e2b676e60 (13 bytes)
1714500281.498553 sending message 112 to peer 0x637e2b676e60 (12 bytes)
1714500281.498555 sending message 112 to peer 0x637e2b676e60 (10 bytes)
1714500281.498560 sending message 112 to peer 0x637e2b676e60 (12 bytes)
1714500281.498562 sending message 112 to peer 0x637e2b676e60 (12 bytes)
1714500281.498565 sending message 112 to peer 0x637e2b676e60 (12 bytes)
1714500281.498568 sending message 112 to peer 0x637e2b676e60 (13 bytes)
1714500281.498571 sending message 112 to peer 0x637e2b676e60 (13 bytes)
1714500281.498573 sending message 112 to peer 0x637e2b676e60 (13 bytes)
1714500281.498576 sending message 112 to peer 0x637e2b676e60 (13 bytes)
1714500281.498578 sending message 112 to peer 0x637e2b676e60 (13 bytes)
1714500281.498582 sending message 112 to peer 0x637e2b676e60 (13 bytes)
1714500281.498584 sending message 112 to peer 0x637e2b676e60 (13 bytes)
1714500281.498587 sending message 112 to peer 0x637e2b676e60 (10 bytes)
1714500281.498590 sending message 112 to peer 0x637e2b676e60 (13 bytes)
1714500281.498593 sending message 112 to peer 0x637e2b676e60 (12 bytes)
1714500281.498595 sending message 112 to peer 0x637e2b676e60 (12 bytes)
1714500281.498598 sending message 112 to peer 0x637e2b676e60 (12 bytes)
1714500281.498601 sending message 112 to peer 0x637e2b676e60 (10 bytes)
1714500281.498604 sending message 112 to peer 0x637e2b676e60 (10 bytes)
1714500281.498607 sending message 112 to peer 0x637e2b676e60 (10 bytes)
1714500281.498610 sending message 112 to peer 0x637e2b676e60 (12 bytes)
1714500281.498612 sending message 112 to peer 0x637e2b676e60 (13 bytes)
1714500281.498615 sending message 112 to peer 0x637e2b676e60 (13 bytes)
1714500281.498618 sending message 112 to peer 0x637e2b676e60 (13 bytes)
1714500281.498621 sending message 112 to peer 0x637e2b676e60 (13 bytes)
1714500281.498623 sending message 112 to peer 0x637e2b676e60 (13 bytes)
1714500281.498626 sending message 112 to peer 0x637e2b676e60 (10 bytes)
1714500281.498628 sending message 112 to peer 0x637e2b676e60 (11 bytes)
1714500281.498632 sending message 112 to peer 0x637e2b676e60 (12 bytes)
1714500281.498634 sending message 112 to peer 0x637e2b676e60 (12 bytes)
1714500281.498638 sending message 112 to peer 0x637e2b676e60 (12 bytes)
1714500281.498640 sending message 112 to peer 0x637e2b676e60 (12 bytes)
1714500281.498644 sending message 112 to peer 0x637e2b676e60 (12 bytes)
1714500281.498646 sending message 112 to peer 0x637e2b676e60 (11 bytes)
1714500281.498649 sending message 112 to peer 0x637e2b676e60 (12 bytes)
1714500281.498651 sending message 112 to peer 0x637e2b676e60 (12 bytes)
1714500281.498655 sending message 112 to peer 0x637e2b676e60 (13 bytes)
1714500281.498657 sending message 112 to peer 0x637e2b676e60 (13 bytes)
1714500281.498660 sending message 112 to peer 0x637e2b676e60 (13 bytes)
1714500281.498662 sending message 112 to peer 0x637e2b676e60 (13 bytes)
1714500281.498665 sending message 112 to peer 0x637e2b676e60 (13 bytes)
1714500281.498668 sending message 112 to peer 0x637e2b676e60 (10 bytes)
1714500281.498670 sending message 112 to peer 0x637e2b676e60 (9 bytes)
1714500281.498674 sending message 112 to peer 0x637e2b676e60 (12 bytes)
1714500281.498676 sending message 112 to peer 0x637e2b676e60 (13 bytes)
1714500281.498679 sending message 112 to peer 0x637e2b676e60 (13 bytes)
1714500281.498682 sending message 112 to peer 0x637e2b676e60 (13 bytes)
1714500281.498685 sending message 112 to peer 0x637e2b676e60 (13 bytes)
1714500281.498687 sending message 112 to peer 0x637e2b676e60 (13 bytes)
1714500281.498690 sending message 112 to peer 0x637e2b676e60 (9 bytes)
1714500281.498697 sending message 112 to peer 0x637e2b676e60 (12 bytes)
1714500281.498699 sending message 112 to peer 0x637e2b676e60 (13 bytes)
1714500281.498703 sending message 112 to peer 0x637e2b676e60 (13 bytes)
1714500281.498705 sending message 112 to peer 0x637e2b676e60 (13 bytes)
1714500281.498708 sending message 112 to peer 0x637e2b676e60 (13 bytes)
1714500281.498711 sending message 112 to peer 0x637e2b676e60 (13 bytes)
1714500281.498714 sending message 112 to peer 0x637e2b676e60 (11 bytes)
1714500281.498717 sending message 112 to peer 0x637e2b676e60 (12 bytes)
1714500281.498720 sending message 112 to peer 0x637e2b676e60 (13 bytes)
1714500281.498722 sending message 112 to peer 0x637e2b676e60 (13 bytes)
1714500281.498726 sending message 112 to peer 0x637e2b676e60 (13 bytes)
1714500281.498728 sending message 112 to peer 0x637e2b676e60 (13 bytes)
1714500281.498731 sending message 112 to peer 0x637e2b676e60 (13 bytes)
1714500281.498734 sending message 112 to peer 0x637e2b676e60 (11 bytes)
1714500281.498737 sending message 112 to peer 0x637e2b676e60 (12 bytes)
1714500281.498739 sending message 112 to peer 0x637e2b676e60 (12 bytes)
1714500281.498742 sending message 112 to peer 0x637e2b676e60 (12 bytes)
1714500281.498745 sending message 112 to peer 0x637e2b676e60 (12 bytes)
1714500281.498748 sending message 112 to peer 0x637e2b676e60 (12 bytes)
1714500281.498751 sending message 112 to peer 0x637e2b676e60 (21 bytes)
1714500281.498754 sending message 112 to peer 0x637e2b676e60 (12 bytes)
1714500281.498757 sending message 112 to peer 0x637e2b676e60 (9 bytes)
1714500281.498760 sending message 112 to peer 0x637e2b676e60 (6 bytes)
1714500281.498762 sending message 112 to peer 0x637e2b676e60 (13 bytes)
1714500281.498766 sending message 112 to peer 0x637e2b676e60 (10 bytes)
1714500281.498768 sending message 112 to peer 0x637e2b676e60 (24 bytes)
1714500281.498772 sending message 112 to peer 0x637e2b676e60 (13 bytes)
1714500281.498774 sending message 112 to peer 0x637e2b676e60 (9 bytes)
1714500281.498777 sending message 112 to peer 0x637e2b676e60 (70 bytes)
1714500281.498780 sending message 112 to peer 0x637e2b676e60 (69 bytes)
1714500281.498783 sending message 112 to peer 0x637e2b676e60 (12 bytes)
1714500281.498785 sending message 112 to peer 0x637e2b676e60 (10 bytes)
1714500281.498789 sending message 112 to peer 0x637e2b676e60 (10 bytes)
1714500281.498792 sending message 112 to peer 0x637e2b676e60 (24 bytes)
1714500281.498795 sending message 112 to peer 0x637e2b676e60 (13 bytes)
1714500281.498798 sending message 112 to peer 0x637e2b676e60 (10 bytes)
1714500281.498801 sending message 112 to peer 0x637e2b676e60 (10 bytes)
1714500281.498803 sending message 112 to peer 0x637e2b676e60 (10 bytes)
1714500281.498806 sending message 112 to peer 0x637e2b676e60 (13 bytes)
1714500281.498809 sending message 112 to peer 0x637e2b676e60 (15 bytes)
1714500281.498812 sending message 112 to peer 0x637e2b676e60 (5 bytes)
1714500281.498815 sending message 104 to peer 0x637e2b676e60 (0 bytes)
1714500281.498819 sending message 110 to peer 0x637e2b676e60 (0 bytes)
1714500281.498822 sending message 107 to peer 0x637e2b676e60 (4 bytes)
1714500281.498825 sending message 105 to peer 0x637e2b676e60 (38 bytes)
1714500281.498829 sending message 105 to peer 0x637e2b676e60 (62 bytes)
1714500281.498832 sending message 105 to peer 0x637e2b676e60 (36 bytes)
1714500281.498835 sending message 105 to peer 0x637e2b676e60 (20 bytes)
1714500281.498838 sending message 105 to peer 0x637e2b676e60 (58 bytes)
1714500281.498841 sending message 105 to peer 0x637e2b676e60 (54 bytes)
1714500281.498844 sending message 105 to peer 0x637e2b676e60 (50 bytes)
1714500281.498847 sending message 105 to peer 0x637e2b676e60 (11 bytes)
1714500281.498850 sending message 105 to peer 0x637e2b676e60 (12 bytes)
1714500281.498853 sending message 105 to peer 0x637e2b676e60 (24 bytes)
1714500281.498856 sending message 105 to peer 0x637e2b676e60 (45 bytes)
1714500281.498858 sending message 105 to peer 0x637e2b676e60 (47 bytes)
1714500281.498862 sending message 105 to peer 0x637e2b676e60 (17 bytes)
1714500281.498868 sending message 105 to peer 0x637e2b676e60 (8 bytes)
1714500281.498871 sending message 105 to peer 0x637e2b676e60 (21 bytes)
1714500281.498874 sending message 105 to peer 0x637e2b676e60 (32 bytes)
1714500281.498877 sending message 105 to peer 0x637e2b676e60 (1905 bytes)
1714500281.498891 sending message 105 to peer 0x637e2b676e60 (34 bytes)
1714500281.498895 sending message 105 to peer 0x637e2b676e60 (104 bytes)
1714500281.498898 sending message 105 to peer 0x637e2b676e60 (51 bytes)
1714500281.498901 sending message 105 to peer 0x637e2b676e60 (15 bytes)
1714500281.498904 sending message 105 to peer 0x637e2b676e60 (39 bytes)
1714500281.498907 sending message 105 to peer 0x637e2b676e60 (11 bytes)
1714500281.498910 sending message 105 to peer 0x637e2b676e60 (260 bytes)
1714500281.498913 sending message 105 to peer 0x637e2b676e60 (36 bytes)
1714500281.498916 sending message 105 to peer 0x637e2b676e60 (24 bytes)
1714500281.498919 sending message 105 to peer 0x637e2b676e60 (24 bytes)
1714500281.498922 sending message 105 to peer 0x637e2b676e60 (15 bytes)
1714500281.498925 sending message 105 to peer 0x637e2b676e60 (8 bytes)
1714500281.498927 sending message 105 to peer 0x637e2b676e60 (47 bytes)
1714500281.498931 sending message 105 to peer 0x637e2b676e60 (21 bytes)
1714500281.498934 sending message 105 to peer 0x637e2b676e60 (20 bytes)
1714500281.498937 sending message 105 to peer 0x637e2b676e60 (18 bytes)
1714500281.498939 sending message 105 to peer 0x637e2b676e60 (25 bytes)
1714500281.498943 sending message 105 to peer 0x637e2b676e60 (35 bytes)
1714500281.498945 sending message 105 to peer 0x637e2b676e60 (14 bytes)
1714500281.498948 sending message 105 to peer 0x637e2b676e60 (18 bytes)
1714500281.498951 sending message 105 to peer 0x637e2b676e60 (26 bytes)
1714500281.498954 sending message 105 to peer 0x637e2b676e60 (25 bytes)
1714500281.498956 sending message 105 to peer 0x637e2b676e60 (16 bytes)
1714500281.498960 sending message 105 to peer 0x637e2b676e60 (25 bytes)
1714500281.498963 sending message 105 to peer 0x637e2b676e60 (31 bytes)
1714500281.498966 sending message 105 to peer 0x637e2b676e60 (15 bytes)
1714500281.498969 sending message 105 to peer 0x637e2b676e60 (23 bytes)
1714500281.498972 sending message 105 to peer 0x637e2b676e60 (25 bytes)
1714500281.498975 sending message 105 to peer 0x637e2b676e60 (17 bytes)
1714500281.498978 sending message 105 to peer 0x637e2b676e60 (25 bytes)
1714500281.498980 sending message 105 to peer 0x637e2b676e60 (11 bytes)
1714500281.498983 sending message 105 to peer 0x637e2b676e60 (40 bytes)
1714500281.498986 sending message 105 to peer 0x637e2b676e60 (16 bytes)
1714500281.498989 sending message 105 to peer 0x637e2b676e60 (30 bytes)
1714500281.498992 sending message 105 to peer 0x637e2b676e60 (17 bytes)
1714500281.498995 sending message 105 to peer 0x637e2b676e60 (17 bytes)
1714500281.498998 sending message 105 to peer 0x637e2b676e60 (24 bytes)
1714500281.499001 sending message 106 to peer 0x637e2b676e60 (0 bytes)
1714500281.499056 sending message 200 to peer 0x637e2b676e60 (4 bytes)
1714500281.499060 client loop enter
1714500281.501240 peer 0x637e2b676e60 message 303
1714500281.501255 open write file 2 -
1714500281.501263 sending message 305 to peer 0x637e2b676e60 (8 bytes)
1714500281.501274 write check file 2
1714500281.501408 peer 0x637e2b676e60 message 304
1714500281.501419 write 58 to file 2
1714500281.501423 peer 0x637e2b676e60 message 203
1714500281.501427 file 2 58 bytes left
1714500281.501440 write check file 2
1714500281.501444 client loop exit
